TN:
SF:User.js
FNF:0
FNH:0
DA:1,2
DA:3,2
DA:5,2
DA:18,2
DA:20,2
LF:5
LH:5
BRF:0
BRH:0
end_of_record
TN:
SF:routes/index.js
FN:6,(anonymous_0)
FN:10,(anonymous_1)
FN:19,(anonymous_2)
FN:25,(anonymous_3)
FN:31,(anonymous_4)
FNF:5
FNH:5
FNDA:2,(anonymous_0)
FNDA:4,(anonymous_1)
FNDA:1,(anonymous_2)
FNDA:1,(anonymous_3)
FNDA:1,(anonymous_4)
DA:1,2
DA:2,2
DA:4,2
DA:6,2
DA:7,2
DA:10,2
DA:11,4
DA:12,4
DA:15,2
DA:16,2
DA:19,2
DA:20,1
DA:21,1
DA:25,2
DA:26,1
DA:27,1
DA:31,2
DA:32,1
DA:33,1
DA:36,2
LF:20
LH:20
BRDA:11,0,0,4
BRDA:11,0,1,1
BRF:2
BRH:2
end_of_record
